<?xml version="1.0" encoding="UTF-8"?>
<testng-results skipped="0" failed="0" ignored="0" total="1" passed="1">
  <reporter-output>
  </reporter-output>
  <suite name="Suite" duration-ms="16544" started-at="2019-07-16T12:19:54Z" finished-at="2019-07-16T12:20:11Z">
    <groups>
    </groups>
    <test name="Test" duration-ms="16544" started-at="2019-07-16T12:19:54Z" finished-at="2019-07-16T12:20:11Z">
      <class name="AutomationTesting">
        <test-method status="PASS" signature="runner()[pri:0, instance:AutomationTesting@3cda1055]" name="runner" duration-ms="16521" started-at="2019-07-16T17:49:54Z" finished-at="2019-07-16T17:50:11Z">
          <reporter-output>
          </reporter-output>
        </test-method> <!-- runner -->
      </class> <!-- AutomationTesting -->
    </test> <!-- Test -->
  </suite> <!-- Suite -->
</testng-results>
